Arguments: 
  C:\Program Files\nodejs\node.exe C:\Program Files (x86)\Yarn\bin\yarn.js add multiformats @chainsafe/ipfs-core

PATH: 
  C:\Program Files\Common Files\Oracle\Java\javapath;C:\Python310\Scripts\;C:\Python310\;C:\Windows\system32;C:\Windows;C:\Windows\System32\Wbem;C:\Windows\System32\WindowsPowerShell\v1.0\;C:\Windows\System32\OpenSSH\;C:\ProgramData\chocolatey\bin;E:\geth;C:\Android;C:\Windows\System32;C:\Program Files (x86)\Yarn\bin\;C:\Program Files\nodejs;C:\Program Files\nodejs\;C:\Program Files\dotnet\;C:\Program Files\Git\cmd;C:\Program Files (x86)\Microsoft SQL Server\160\DTS\Binn\;C:\Program Files\Azure Data Studio\bin;C:\Program Files (x86)\Microsoft SQL Server\160\Tools\Binn\;C:\Program Files\Microsoft SQL Server\160\Tools\Binn\;C:\Program Files\Microsoft SQL Server\Client SDK\ODBC\170\Tools\Binn\;C:\Program Files\Microsoft SQL Server\160\DTS\Binn\;C:\Program Files\Microsoft SQL Server\150\Tools\Binn\;C:\Program Files\Go\bin;G:\kubo;C:\xampp\php;C:\Program Files\Cloudflare\Cloudflare WARP\;C:\Users\User\AppData\Local\Microsoft\WindowsApps;D:\Vstudiocode\Microsoft VS Code\bin;C:\Users\User\AppData\Local\Yarn\bin;C:\Program Files\nodejs;C:\Users\User\AppData\Roaming\npm;D:\miktex\miktex\bin\x64\;D:\flutter\bin;C:\Users\User\.dotnet\tools;C:\Program Files\Azure Data Studio\bin;C:\Users\User\go\bin;G:\kubo;C:\xampp\php;C:\Users\User\AppData\Local\GitHubDesktop\bin

Yarn version: 
  1.22.5

Node version: 
  16.17.0

Platform: 
  win32 x64

Trace: 
  Error: https://registry.yarnpkg.com/@chainsafe%2fipfs-core: Not found
      at Request.params.callback [as _callback] (C:\Program Files (x86)\Yarn\lib\cli.js:66097:18)
      at Request.self.callback (C:\Program Files (x86)\Yarn\lib\cli.js:140749:22)
      at Request.emit (node:events:513:28)
      at Request.<anonymous> (C:\Program Files (x86)\Yarn\lib\cli.js:141721:10)
      at Request.emit (node:events:513:28)
      at IncomingMessage.<anonymous> (C:\Program Files (x86)\Yarn\lib\cli.js:141643:12)
      at Object.onceWrapper (node:events:627:28)
      at IncomingMessage.emit (node:events:525:35)
      at endReadableNT (node:internal/streams/readable:1358:12)
      at processTicksAndRejections (node:internal/process/task_queues:83:21)

npm manifest: 
  {
    "name": "randchacha",
    "version": "1.0.2",
    "description": "The ChaCha random number generator.",
    "main": "index.js",
    "scripts": {
      "build": "browserify index.js --standalone randchacha > randchacha_browser.js",
      "buildmin": "browserify index.js --standalone randchacha | terser -c > randchacha_browser.min.js",
      "test": "jasmine",
      "start": "node server.js"
    },
    "author": "Ian Coleman",
    "homepage": "https://github.com/iancoleman/randchacha-js",
    "repository": {
      "type": "git",
      "url": "git+https://github.com/iancoleman/randchacha-js.git"
    },
    "license": "MIT",
    "dependencies": {
      "chacha": "^2.1.0",
      "ejs": "^3.1.9",
      "express-session": "^1.17.3",
      "ipfs": "^0.66.0",
      "ipfs-core": "^0.18.0",
      "ipfs-http-client": "^60.0.0",
      "js-chacha20": "^1.1.0",
      "multer": "^1.4.5-lts.1",
      "randchacha": "^1.0.2"
    },
    "devDependencies": {
      "browserify": "^17.0.0",
      "jasmine": "^3.8.0",
      "terser": "^5.7.1",
      "webpack-cli": "^5.0.1"
    },
    "bugs": {
      "url": "https://github.com/iancoleman/randchacha-js/issues"
    }
  }

yarn manifest: 
  No manifest

Lockfile: 
  No lockfile
